/*C1*/SET SCHEMA SYSTEM_LOBS
INSERT INTO BLOCKS VALUES(0,2147483647,0)
COMMIT
/*C2*/SET SCHEMA PUBLIC
CREATE TABLE BATCH_JOB_INSTANCE ( JOB_INSTANCE_ID BIGINT IDENTITY NOT NULL PRIMARY KEY , VERSION BIGINT , JOB_NAME VARCHAR(100) NOT NULL, JOB_KEY VARCHAR(32) NOT NULL, constraint JOB_INST_UN unique (JOB_NAME, JOB_KEY) ) 
CREATE TABLE BATCH_JOB_EXECUTION ( JOB_EXECUTION_ID BIGINT IDENTITY NOT NULL PRIMARY KEY , VERSION BIGINT , JOB_INSTANCE_ID BIGINT NOT NULL, CREATE_TIME TIMESTAMP NOT NULL, START_TIME TIMESTAMP DEFAULT NULL , END_TIME TIMESTAMP DEFAULT NULL , STATUS VARCHAR(10) , EXIT_CODE VARCHAR(2500) , EXIT_MESSAGE VARCHAR(2500) , LAST_UPDATED TIMESTAMP, JOB_CONFIGURATION_LOCATION VARCHAR(2500) NULL, constraint JOB_INST_EXEC_FK foreign key (JOB_INSTANCE_ID) references BATCH_JOB_INSTANCE(JOB_INSTANCE_ID) ) 
CREATE TABLE BATCH_JOB_EXECUTION_PARAMS ( JOB_EXECUTION_ID BIGINT NOT NULL , TYPE_CD VARCHAR(6) NOT NULL , KEY_NAME VARCHAR(100) NOT NULL , STRING_VAL VARCHAR(250) , DATE_VAL TIMESTAMP DEFAULT NULL , LONG_VAL BIGINT , DOUBLE_VAL DOUBLE PRECISION , IDENTIFYING CHAR(1) NOT NULL , constraint JOB_EXEC_PARAMS_FK foreign key (JOB_EXECUTION_ID) references BATCH_JOB_EXECUTION(JOB_EXECUTION_ID) ) 
CREATE TABLE BATCH_STEP_EXECUTION ( STEP_EXECUTION_ID BIGINT IDENTITY NOT NULL PRIMARY KEY , VERSION BIGINT NOT NULL, STEP_NAME VARCHAR(100) NOT NULL, JOB_EXECUTION_ID BIGINT NOT NULL, START_TIME TIMESTAMP NOT NULL , END_TIME TIMESTAMP DEFAULT NULL , STATUS VARCHAR(10) , COMMIT_COUNT BIGINT , READ_COUNT BIGINT , FILTER_COUNT BIGINT , WRITE_COUNT BIGINT , READ_SKIP_COUNT BIGINT , WRITE_SKIP_COUNT BIGINT , PROCESS_SKIP_COUNT BIGINT , ROLLBACK_COUNT BIGINT , EXIT_CODE VARCHAR(2500) , EXIT_MESSAGE VARCHAR(2500) , LAST_UPDATED TIMESTAMP, constraint JOB_EXEC_STEP_FK foreign key (JOB_EXECUTION_ID) references BATCH_JOB_EXECUTION(JOB_EXECUTION_ID) ) 
CREATE TABLE BATCH_STEP_EXECUTION_CONTEXT ( STEP_EXECUTION_ID BIGINT NOT NULL PRIMARY KEY, SHORT_CONTEXT VARCHAR(2500) NOT NULL, SERIALIZED_CONTEXT LONGVARCHAR , constraint STEP_EXEC_CTX_FK foreign key (STEP_EXECUTION_ID) references BATCH_STEP_EXECUTION(STEP_EXECUTION_ID) ) 
CREATE TABLE BATCH_JOB_EXECUTION_CONTEXT ( JOB_EXECUTION_ID BIGINT NOT NULL PRIMARY KEY, SHORT_CONTEXT VARCHAR(2500) NOT NULL, SERIALIZED_CONTEXT LONGVARCHAR , constraint JOB_EXEC_CTX_FK foreign key (JOB_EXECUTION_ID) references BATCH_JOB_EXECUTION(JOB_EXECUTION_ID) ) 
CREATE TABLE BATCH_STEP_EXECUTION_SEQ ( ID BIGINT IDENTITY )
CREATE TABLE BATCH_JOB_EXECUTION_SEQ ( ID BIGINT IDENTITY )
CREATE TABLE BATCH_JOB_SEQ ( ID BIGINT IDENTITY )
INSERT INTO BATCH_JOB_SEQ VALUES(0)
INSERT INTO BATCH_JOB_INSTANCE VALUES(0,0,'importUserJob','853d3449e311f40366811cbefb3d93d7')
INSERT INTO BATCH_JOB_EXECUTION_SEQ VALUES(0)
INSERT INTO BATCH_JOB_EXECUTION VALUES(0,0,0,'2018-10-11 11:26:52.126000',NULL,NULL,'STARTING','UNKNOWN','','2018-10-11 11:26:52.126000',NULL)
INSERT INTO BATCH_JOB_EXECUTION_PARAMS VALUES(0,'LONG','run.id','','1969-12-31 21:00:00.000000',1,0.0E0,'Y')
INSERT INTO BATCH_JOB_EXECUTION_CONTEXT VALUES(0,'{}',NULL)
COMMIT
DELETE FROM BATCH_JOB_EXECUTION WHERE JOB_EXECUTION_ID=0
INSERT INTO BATCH_JOB_EXECUTION VALUES(0,1,0,'2018-10-11 11:26:52.126000','2018-10-11 11:26:52.140000',NULL,'STARTED','UNKNOWN','','2018-10-11 11:26:52.140000',NULL)
COMMIT
INSERT INTO BATCH_STEP_EXECUTION_SEQ VALUES(0)
INSERT INTO BATCH_STEP_EXECUTION VALUES(0,0,'step1',0,'2018-10-11 11:26:52.149000',NULL,'STARTING',0,0,0,0,0,0,0,0,'EXECUTING','','2018-10-11 11:26:52.149000')
INSERT INTO BATCH_STEP_EXECUTION_CONTEXT VALUES(0,'{}',NULL)
COMMIT
DELETE FROM BATCH_STEP_EXECUTION WHERE STEP_EXECUTION_ID=0
INSERT INTO BATCH_STEP_EXECUTION VALUES(0,1,'step1',0,'2018-10-11 11:26:52.149000',NULL,'STARTED',0,0,0,0,0,0,0,0,'EXECUTING','','2018-10-11 11:26:52.149000')
COMMIT
DELETE FROM BATCH_STEP_EXECUTION_CONTEXT WHERE STEP_EXECUTION_ID=0
INSERT INTO BATCH_STEP_EXECUTION_CONTEXT VALUES(0,'{"batch.taskletType":"org.springframework.batch.core.step.item.ChunkOrientedTasklet","FlatFileItemReader.read.count":0,"batch.stepType":"org.springframework.batch.core.step.tasklet.TaskletStep"}',NULL)
COMMIT
DELETE FROM BATCH_STEP_EXECUTION_CONTEXT WHERE STEP_EXECUTION_ID=0
INSERT INTO BATCH_STEP_EXECUTION_CONTEXT VALUES(0,'{"batch.taskletType":"org.springframework.batch.core.step.item.ChunkOrientedTasklet","FlatFileItemReader.read.count":0,"batch.stepType":"org.springframework.batch.core.step.tasklet.TaskletStep"}',NULL)
COMMIT
DELETE FROM BATCH_STEP_EXECUTION WHERE STEP_EXECUTION_ID=0
INSERT INTO BATCH_STEP_EXECUTION VALUES(0,2,'step1',0,'2018-10-11 11:26:52.149000','2018-10-11 11:26:52.255000','FAILED',0,3,0,0,0,0,0,1,'FAILED','org.springframework.jdbc.BadSqlGrammarException: PreparedStatementCallback; bad SQL grammar [INSERT INTO USERS (first_name, last_name) VALUES (?, ?)]; nested exception is java.sql.SQLSyntaxErrorException: usuario no tiene privilegios suficientes o objeto no encontrado: USERS in statement [INSERT INTO USERS (first_name, last_name) VALUES (?, ?)]\u000d\u000a\u0009at org.springframework.jdbc.support.SQLExceptionSubclassTranslator.doTranslate(SQLExceptionSubclassTranslator.java:93)\u000d\u000a\u0009at org.springframework.jdbc.support.AbstractFallbackSQLExceptionTranslator.translate(AbstractFallbackSQLExceptionTranslator.java:72)\u000d\u000a\u0009at org.springframework.jdbc.support.AbstractFallbackSQLExceptionTranslator.translate(AbstractFallbackSQLExceptionTranslator.java:81)\u000d\u000a\u0009at org.springframework.jdbc.core.JdbcTemplate.translateException(JdbcTemplate.java:1402)\u000d\u000a\u0009at org.springframework.jdbc.core.JdbcTemplate.execute(JdbcTemplate.java:620)\u000d\u000a\u0009at org.springframework.jdbc.core.JdbcTemplate.execute(JdbcTemplate.java:634)\u000d\u000a\u0009at org.springframework.jdbc.core.JdbcTemplate.batchUpdate(JdbcTemplate.java:924)\u000d\u000a\u0009at org.springframework.jdbc.core.namedparam.NamedParameterBatchUpdateUtils.executeBatchUpdateWithNamedParameters(NamedParameterBatchUpdateUtils.java:43)\u000d\u000a\u0009at org.springframework.jdbc.core.namedparam.NamedParameterJdbcTemplate.batchUpdate(NamedParameterJdbcTemplate.java:355)\u000d\u000a\u0009at org.springframework.batch.item.database.JdbcBatchItemWriter.write(JdbcBatchItemWriter.java:182)\u000d\u000a\u0009at org.springframework.batch.core.step.item.SimpleChunkProcessor.writeItems(SimpleChunkProcessor.java:185)\u000d\u000a\u0009at org.springframework.batch.core.step.item.SimpleChunkProcessor.doWrite(SimpleChunkProcessor.java:151)\u000d\u000a\u0009at org.springframework.batch.core.step.item.SimpleChunkProcessor.write(SimpleChunkProcessor.java:284)\u000d\u000a\u0009at org.springframework.batch.core.step.item.SimpleChunkProcessor.process(SimpleChunkProcessor.java:209)\u000d\u000a\u0009at org.springframework.batch.core.step.item.ChunkOrientedTasklet.execute(ChunkOrientedTasklet.java:75)\u000d\u000a\u0009at org.springframework.batch.core.step.tasklet.TaskletStep$ChunkTransactionCallback.doInTransaction(TaskletStep.java:406)\u000d\u000a\u0009at org.springframework.batch.core.step.tasklet.TaskletStep$ChunkTransactionCallback.doInTransaction(TaskletStep.java:330)\u000d\u000a\u0009at org.springframework.transaction.support.TransactionTemplate.execute(TransactionTemplate.java:140)\u000d\u000a\u0009at org.springframework.batch.core.step.tasklet.TaskletStep$2.doInChunkContext(TaskletStep.java:272)\u000d\u000a\u0009at org.springframework.batch.core.scope.context.StepContextRepeatCa','2018-10-11 11:26:52.255000')
COMMIT
DELETE FROM BATCH_JOB_EXECUTION_CONTEXT WHERE JOB_EXECUTION_ID=0
INSERT INTO BATCH_JOB_EXECUTION_CONTEXT VALUES(0,'{}',NULL)
COMMIT
DELETE FROM BATCH_JOB_EXECUTION WHERE JOB_EXECUTION_ID=0
INSERT INTO BATCH_JOB_EXECUTION VALUES(0,2,0,'2018-10-11 11:26:52.126000','2018-10-11 11:26:52.140000','2018-10-11 11:26:52.255000','FAILED','FAILED','','2018-10-11 11:26:52.255000',NULL)
COMMIT
DISCONNECT
/*C3*/SET SCHEMA PUBLIC
DISCONNECT
/*C4*/SET SCHEMA PUBLIC
DISCONNECT
/*C5*/SET SCHEMA PUBLIC
DISCONNECT
/*C6*/SET SCHEMA PUBLIC
DISCONNECT
/*C7*/SET SCHEMA PUBLIC
DISCONNECT
/*C8*/SET SCHEMA PUBLIC
DISCONNECT
/*C9*/SET SCHEMA PUBLIC
DISCONNECT
/*C10*/SET SCHEMA PUBLIC
DISCONNECT
/*C11*/SET SCHEMA PUBLIC
DISCONNECT
